-------------------------------------------------------------------------------
Test set: TestSuite
-------------------------------------------------------------------------------
Tests run: 4, Failures: 1, Errors: 0, Skipped: 0, Time elapsed: 81.397 s <<< FAILURE! - in TestSuite
package1.ValidateTitle.homePageNavigation  Time elapsed: 0.039 s  <<< FAILURE!
java.lang.AssertionError: expected [FEATURED COURSE] but found [FEATURED COURSES]
	at package1.ValidateTitle.homePageNavigation(ValidateTitle.java:49)

